<?xml version="1.0" encoding="UTF-8"?>
<!-- Generated by org.testng.reporters.JUnitXMLReporter -->
<testsuite ignored="0" hostname="EICPL02L122" failures="0" tests="5" name="Default test" time="2.46" errors="0" timestamp="2023-02-17T12:41:59 IST">
  <testcase classname="day9.VideoGameAPI" name="test_getAllVideoGames" time="1.294"/>
  <testcase classname="day9.VideoGameAPI" name="test_AddnewVideoGames" time="0.38"/>
  <testcase classname="day9.VideoGameAPI" name="test_getVideoGame" time="0.649"/>
  <testcase classname="day9.VideoGameAPI" name="test_updateVideoGame" time="0.059"/>
  <testcase classname="day9.VideoGameAPI" name="test_deleteVideoGame" time="0.021"/>
</testsuite> <!-- Default test -->
