<?xml version="1.0" encoding="UTF-8"?>
<!-- Generated by org.testng.reporters.JUnitXMLReporter -->
<testsuite ignored="0" hostname="EICPL02L122" failures="0" tests="5" name="Test" time="2.563" errors="0" timestamp="2023-02-17T12:42:31 IST">
  <testcase classname="day9.VideoGameAPI" name="test_getAllVideoGames" time="1.367"/>
  <testcase classname="day9.VideoGameAPI" name="test_AddnewVideoGames" time="0.379"/>
  <testcase classname="day9.VideoGameAPI" name="test_getVideoGame" time="0.667"/>
  <testcase classname="day9.VideoGameAPI" name="test_updateVideoGame" time="0.07"/>
  <testcase classname="day9.VideoGameAPI" name="test_deleteVideoGame" time="0.023"/>
</testsuite> <!-- Test -->
