<?xml version="1.0" encoding="UTF-8"?>
<testng-results ignored="0" total="5" passed="5" failed="0" skipped="0">
  <reporter-output>
  </reporter-output>
  <suite started-at="2023-02-17T12:42:28 IST" name="Suite" finished-at="2023-02-17T12:42:31 IST" duration-ms="2563">
    <groups>
    </groups>
    <test started-at="2023-02-17T12:42:28 IST" name="Test" finished-at="2023-02-17T12:42:31 IST" duration-ms="2563">
      <class name="day9.VideoGameAPI">
        <test-method signature="test_getAllVideoGames()[pri:1, instance:day9.VideoGameAPI@a530d0a]" started-at="2023-02-17T12:42:28 IST" name="test_getAllVideoGames" finished-at="2023-02-17T12:42:30 IST" duration-ms="1367" status="PASS">
          <reporter-output>
          </reporter-output>
        </test-method> <!-- test_getAllVideoGames -->
        <test-method signature="test_AddnewVideoGames()[pri:2, instance:day9.VideoGameAPI@a530d0a]" started-at="2023-02-17T12:42:30 IST" name="test_AddnewVideoGames" finished-at="2023-02-17T12:42:30 IST" duration-ms="379" status="PASS">
          <reporter-output>
          </reporter-output>
        </test-method> <!-- test_AddnewVideoGames -->
        <test-method signature="test_getVideoGame()[pri:3, instance:day9.VideoGameAPI@a530d0a]" started-at="2023-02-17T12:42:30 IST" name="test_getVideoGame" finished-at="2023-02-17T12:42:31 IST" duration-ms="667" status="PASS">
          <reporter-output>
          </reporter-output>
        </test-method> <!-- test_getVideoGame -->
        <test-method signature="test_updateVideoGame()[pri:4, instance:day9.VideoGameAPI@a530d0a]" started-at="2023-02-17T12:42:31 IST" name="test_updateVideoGame" finished-at="2023-02-17T12:42:31 IST" duration-ms="70" status="PASS">
          <reporter-output>
          </reporter-output>
        </test-method> <!-- test_updateVideoGame -->
        <test-method signature="test_deleteVideoGame()[pri:5, instance:day9.VideoGameAPI@a530d0a]" started-at="2023-02-17T12:42:31 IST" name="test_deleteVideoGame" finished-at="2023-02-17T12:42:31 IST" duration-ms="23" status="PASS">
          <reporter-output>
          </reporter-output>
        </test-method> <!-- test_deleteVideoGame -->
      </class> <!-- day9.VideoGameAPI -->
    </test> <!-- Test -->
  </suite> <!-- Suite -->
</testng-results>
